<?xml version="1.0" encoding="UTF-8"?>
<!-- Generated by org.testng.reporters.JUnitReportReporter -->
<testsuite skipped="0" hostname="DESKTOP-AP6UC27" name="com.mockaroo.MockarooDataValidation" tests="1" failures="0" timestamp="27 Jun 2018 20:49:44 GMT" time="14.214" errors="0">
  <testcase name="dataValidation" time="14.214" classname="com.mockaroo.MockarooDataValidation"/>
</testsuite> <!-- com.mockaroo.MockarooDataValidation -->
